<testsuites id="" name="" tests="1" failures="1" skipped="0" errors="0" time="12.49781">
<testsuite name="alta-empleado.spec.ts" timestamp="2026-07-19T05:21:50.687Z" hostname="chromium" tests="1" failures="1" skipped="0" time="6.918" errors="0">
<testcase name="Caso feliz de Alta de Empleado" classname="alta-empleado.spec.ts" time="6.918">
<system-out>
<![CDATA[
[[ATTACHMENT|..\test-results\alta-empleado-Caso-feliz-de-Alta-de-Empleado-chromium\test-failed-1.png]]

[[ATTACHMENT|..\test-results\alta-empleado-Caso-feliz-de-Alta-de-Empleado-chromium\video.webm]]

[[ATTACHMENT|..\test-results\alta-empleado-Caso-feliz-de-Alta-de-Empleado-chromium\error-context.md]]

[[ATTACHMENT|..\test-results\alta-empleado-Caso-feliz-de-Alta-de-Empleado-chromium\trace.zip]]
]]>
</system-out>
<failure message="expect(locator).toContainText(expected) failed" type="expect.toContainText">
<![CDATA[  [chromium] › alta-empleado.spec.ts:3:5 › Caso feliz de Alta de Empleado ──────────────────────────

    Error: expect(locator).toContainText(expected) failed

    Locator: getByRole('alert')
    Expected substring: "hola"
    Received string:    "Empleado creado con éxito (ID 1)."
    Timeout: 5000ms

    Call log:
      - Expect "toContainText" with timeout 5000ms
      - waiting for getByRole('alert')
        10 × locator resolved to <div role="alert" class="fade mb-3 alert alert-success show">Empleado creado con éxito (ID 1).</div>
           - unexpected value "Empleado creado con éxito (ID 1)."


      15 |     await page.getByRole('spinbutton', { name: 'Porcentaje de aportes' }).fill('17');
      16 |     await page.getByRole('button', { name: 'Guardar' }).click();
    > 17 |     await expect(page.getByRole('alert')).toContainText('hola');
         |                                           ^
      18 | });
      19 |
        at C:\Tool Room\Development\FormularioPrueba\tests\alta-empleado.spec.ts:17:43

    attachment #1: screenshot (image/png) ──────────────────────────────────────────────────────────
    ..\test-results\alta-empleado-Caso-feliz-de-Alta-de-Empleado-chromium\test-failed-1.png
    ────────────────────────────────────────────────────────────────────────────────────────────────

    attachment #2: video (video/webm) ──────────────────────────────────────────────────────────────
    ..\test-results\alta-empleado-Caso-feliz-de-Alta-de-Empleado-chromium\video.webm
    ────────────────────────────────────────────────────────────────────────────────────────────────

    Error Context: ..\test-results\alta-empleado-Caso-feliz-de-Alta-de-Empleado-chromium\error-context.md

    attachment #4: trace (application/zip) ─────────────────────────────────────────────────────────
    ..\test-results\alta-empleado-Caso-feliz-de-Alta-de-Empleado-chromium\trace.zip
    Usage:

        npx playwright show-trace ..\test-results\alta-empleado-Caso-feliz-de-Alta-de-Empleado-chromium\trace.zip

    ────────────────────────────────────────────────────────────────────────────────────────────────
]]>
</failure>
</testcase>
</testsuite>
</testsuites>